<?xml version="1.0" encoding="UTF-8"?>
<testsuite xmlns:xsi="http://www.w3.org/2001/XMLSchema-instance" xsi:noNamespaceSchemaLocation="https://maven.apache.org/surefire/maven-surefire-plugin/xsd/surefire-test-report-3.0.xsd" version="3.0" name="com.example.rssreceiver.RssreceiverApplicationTests" time="2.715" tests="1" errors="0" skipped="0" failures="0">
  <properties>
[...]
</properties>
  <testcase name="contextLoads" classname="com.example.rssreceiver.RssreceiverApplicationTests" time="0.671">
    <system-out><![CDATA[01:30:54.302 [main] INFO org.springframework.test.context.support.AnnotationConfigContextLoaderUtils -- Could not detect default configuration classes for test class [com.example.rssreceiver.RssreceiverApplicationTests]: RssreceiverApplicationTests does not declare any static, non-private, non-final, nested classes annotated with @Configuration.
01:30:54.403 [main] INFO org.springframework.boot.test.context.SpringBootTestContextBootstrapper -- Found @SpringBootConfiguration com.example.rssreceiver.RssreceiverApplication for test class com.example.rssreceiver.RssreceiverApplicationTests

  .   ____          _            __ _ _
 /\\ / ___'_ __ _ _(_)_ __  __ _ \ \ \ \
( ( )\___ | '_ | '_| | '_ \/ _` | \ \ \ \
 \\/  ___)| |_)| | | | | || (_| |  ) ) ) )
  '  |____| .__|_| |_|_| |_\__, | / / / /
 =========|_|==============|___/=/_/_/_/
 :: Spring Boot ::                (v3.1.0)

2023-06-21T01:30:54.718+05:30  INFO 75987 --- [           main] c.e.r.RssreceiverApplicationTests        : Starting RssreceiverApplicationTests using Java 20.0.1 with PID 75987 (started by krupalshah in /Users/krupalshah/IdeaProjects/rssreceiver)
2023-06-21T01:30:54.719+05:30  INFO 75987 --- [           main] c.e.r.RssreceiverApplicationTests        : No active profile set, falling back to 1 default profile: "default"
2023-06-21T01:30:55.161+05:30  INFO 75987 --- [           main] .s.d.r.c.RepositoryConfigurationDelegate : Bootstrapping Spring Data MongoDB repositories in DEFAULT mode.
2023-06-21T01:30:55.206+05:30  INFO 75987 --- [           main] .s.d.r.c.RepositoryConfigurationDelegate : Finished Spring Data repository scanning in 41 ms. Found 1 MongoDB repository interfaces.
2023-06-21T01:30:55.546+05:30  INFO 75987 --- [pfa.mongodb.net] org.mongodb.driver.cluster               : Adding discovered server ac-ecpu8li-shard-00-00.yv6vpfa.mongodb.net:27017 to client view of cluster
2023-06-21T01:30:55.554+05:30  INFO 75987 --- [           main] org.mongodb.driver.client                : MongoClient with metadata {"driver": {"name": "mongo-java-driver|sync|spring-boot", "version": "4.9.1"}, "os": {"type": "Darwin", "name": "Mac OS X", "architecture": "x86_64", "version": "12.5"}, "platform": "Java/Oracle Corporation/20.0.1+9-29"} created with settings MongoClientSettings{readPreference=primary, writeConcern=WriteConcern{w=majority, wTimeout=null ms, journal=null}, retryWrites=true, retryReads=true, readConcern=ReadConcern{level=null}, credential=MongoCredential{mechanism=null, userName='admin', source='admin', password=<hidden>, mechanismProperties=<hidden>}, streamFactoryFactory=null, commandListeners=[], codecRegistry=ProvidersCodecRegistry{codecProviders=[ValueCodecProvider{}, BsonValueCodecProvider{}, DBRefCodecProvider{}, DBObjectCodecProvider{}, DocumentCodecProvider{}, CollectionCodecProvider{}, IterableCodecProvider{}, MapCodecProvider{}, GeoJsonCodecProvider{}, GridFSFileCodecProvider{}, Jsr310CodecProvider{}, JsonObjectCodecProvider{}, BsonCodecProvider{}, EnumCodecProvider{}, com.mongodb.client.model.mql.ExpressionCodecProvider@5a8816cc, com.mongodb.Jep395RecordCodecProvider@68565bc7]}, loggerSettings=LoggerSettings{maxDocumentLength=1000}, clusterSettings={hosts=[127.0.0.1:27017], srvHost=cluster0.yv6vpfa.mongodb.net, srvServiceName=mongodb, mode=MULTIPLE, requiredClusterType=REPLICA_SET, requiredReplicaSetName='atlas-lyewpn-shard-0', serverSelector='null', clusterListeners='[]', serverSelectionTimeout='30000 ms', localThreshold='30000 ms'}, socketSettings=SocketSettings{connectTimeoutMS=10000, readTimeoutMS=0, receiveBufferSize=0, sendBufferSize=0}, heartbeatSocketSettings=SocketSettings{connectTimeoutMS=10000, readTimeoutMS=10000, receiveBufferSize=0, sendBufferSize=0}, connectionPoolSettings=ConnectionPoolSettings{maxSize=100, minSize=0, maxWaitTimeMS=120000, maxConnectionLifeTimeMS=0, maxConnectionIdleTimeMS=0, maintenanceInitialDelayMS=0, maintenanceFrequencyMS=60000, connectionPoolListeners=[], maxConnecting=2}, serverSettings=ServerSettings{heartbeatFrequencyMS=10000, minHeartbeatFrequencyMS=500, serverListeners='[]', serverMonitorListeners='[]'}, sslSettings=SslSettings{enabled=true, invalidHostNameAllowed=false, context=null}, applicationName='null', compressorList=[], uuidRepresentation=JAVA_LEGACY, serverApi=null, autoEncryptionSettings=null, contextProvider=null}
2023-06-21T01:30:55.565+05:30  INFO 75987 --- [pfa.mongodb.net] org.mongodb.driver.cluster               : Adding discovered server ac-ecpu8li-shard-00-02.yv6vpfa.mongodb.net:27017 to client view of cluster
2023-06-21T01:30:55.566+05:30  INFO 75987 --- [pfa.mongodb.net] org.mongodb.driver.cluster               : Adding discovered server ac-ecpu8li-shard-00-01.yv6vpfa.mongodb.net:27017 to client view of cluster
2023-06-21T01:30:56.205+05:30  INFO 75987 --- [           main] c.e.r.RssreceiverApplicationTests        : Started RssreceiverApplicationTests in 1.681 seconds (process running for 2.49)
2023-06-21T01:30:56.767+05:30  INFO 75987 --- [ngodb.net:27017] org.mongodb.driver.cluster               : Monitor thread successfully connected to server with description ServerDescription{address=ac-ecpu8li-shard-00-00.yv6vpfa.mongodb.net:27017, type=REPLICA_SET_SECONDARY, state=CONNECTED, ok=true, minWireVersion=0, maxWireVersion=17, maxDocumentSize=16777216, logicalSessionTimeoutMinutes=30, roundTripTimeNanos=787792647, setName='atlas-lyewpn-shard-0', canonicalAddress=ac-ecpu8li-shard-00-00.yv6vpfa.mongodb.net:27017, hosts=[ac-ecpu8li-shard-00-00.yv6vpfa.mongodb.net:27017, ac-ecpu8li-shard-00-01.yv6vpfa.mongodb.net:27017, ac-ecpu8li-shard-00-02.yv6vpfa.mongodb.net:27017], passives=[], arbiters=[], primary='ac-ecpu8li-shard-00-01.yv6vpfa.mongodb.net:27017', tagSet=TagSet{[Tag{name='nodeType', value='ELECTABLE'}, Tag{name='provider', value='AWS'}, Tag{name='region', value='US_EAST_1'}, Tag{name='workloadType', value='OPERATIONAL'}]}, electionId=null, setVersion=8, topologyVersion=TopologyVersion{processId=64909c295092b6b011e68487, counter=4}, lastWriteDate=Wed Jun 21 01:30:57 IST 2023, lastUpdateTimeNanos=897198788732317}
2023-06-21T01:30:56.767+05:30  INFO 75987 --- [ngodb.net:27017] org.mongodb.driver.cluster               : Monitor thread successfully connected to server with description ServerDescription{address=ac-ecpu8li-shard-00-01.yv6vpfa.mongodb.net:27017, type=REPLICA_SET_PRIMARY, state=CONNECTED, ok=true, minWireVersion=0, maxWireVersion=17, maxDocumentSize=16777216, logicalSessionTimeoutMinutes=30, roundTripTimeNanos=791073634, setName='atlas-lyewpn-shard-0', canonicalAddress=ac-ecpu8li-shard-00-01.yv6vpfa.mongodb.net:27017, hosts=[ac-ecpu8li-shard-00-00.yv6vpfa.mongodb.net:27017, ac-ecpu8li-shard-00-01.yv6vpfa.mongodb.net:27017, ac-ecpu8li-shard-00-02.yv6vpfa.mongodb.net:27017], passives=[], arbiters=[], primary='ac-ecpu8li-shard-00-01.yv6vpfa.mongodb.net:27017', tagSet=TagSet{[Tag{name='nodeType', value='ELECTABLE'}, Tag{name='provider', value='AWS'}, Tag{name='region', value='US_EAST_1'}, Tag{name='workloadType', value='OPERATIONAL'}]}, electionId=7fffffff00000000000000b2, setVersion=8, topologyVersion=TopologyVersion{processId=648b2b46c22c2b693e84df3a, counter=10}, lastWriteDate=Wed Jun 21 01:30:57 IST 2023, lastUpdateTimeNanos=897198788732376}
2023-06-21T01:30:56.767+05:30  INFO 75987 --- [ngodb.net:27017] org.mongodb.driver.cluster               : Monitor thread successfully connected to server with description ServerDescription{address=ac-ecpu8li-shard-00-02.yv6vpfa.mongodb.net:27017, type=REPLICA_SET_SECONDARY, state=CONNECTED, ok=true, minWireVersion=0, maxWireVersion=17, maxDocumentSize=16777216, logicalSessionTimeoutMinutes=30, roundTripTimeNanos=791073695, setName='atlas-lyewpn-shard-0', canonicalAddress=ac-ecpu8li-shard-00-02.yv6vpfa.mongodb.net:27017, hosts=[ac-ecpu8li-shard-00-00.yv6vpfa.mongodb.net:27017, ac-ecpu8li-shard-00-01.yv6vpfa.mongodb.net:27017, ac-ecpu8li-shard-00-02.yv6vpfa.mongodb.net:27017], passives=[], arbiters=[], primary='ac-ecpu8li-shard-00-01.yv6vpfa.mongodb.net:27017', tagSet=TagSet{[Tag{name='nodeType', value='ELECTABLE'}, Tag{name='provider', value='AWS'}, Tag{name='region', value='US_EAST_1'}, Tag{name='workloadType', value='OPERATIONAL'}]}, electionId=null, setVersion=8, topologyVersion=TopologyVersion{processId=649099daf768a2cd90ecd8e4, counter=5}, lastWriteDate=Wed Jun 21 01:30:57 IST 2023, lastUpdateTimeNanos=897198788732317}
2023-06-21T01:30:56.771+05:30  INFO 75987 --- [ngodb.net:27017] org.mongodb.driver.cluster               : Discovered replica set primary ac-ecpu8li-shard-00-01.yv6vpfa.mongodb.net:27017 with max election id 7fffffff00000000000000b2 and max set version 8
]]></system-out>
  </testcase>
</testsuite>